#
# There is insufficient memory for the Java Runtime Environment to continue.
# Native memory allocation (malloc) failed to allocate 10216 bytes for ChunkPool::allocate
# Possible reasons:
#   The system is out of physical RAM or swap space
#   The process is running with CompressedOops enabled, and the Java Heap may be blocking the growth of the native heap
# Possible solutions:
#   Reduce memory load on the system
#   Increase physical memory or swap space
#   Check if swap backing store is full
#   Decrease Java heap size (-Xmx/-Xms)
#   Decrease number of Java threads
#   Decrease Java thread stack sizes (-Xss)
#   Set larger code cache with -XX:ReservedCodeCacheSize=
#   JVM is running with Unscaled Compressed Oops mode in which the Java heap is
#     placed in the first 4GB address space. The Java Heap base address is the
#     maximum limit for the native heap growth. Please use -XX:HeapBaseMinAddress
#     to set the Java Heap base and to place the Java Heap above 4GB virtual address.
# This output file may be truncated or incomplete.
#
#  Out of Memory Error (allocation.cpp:272), pid=7832, tid=0x0000000000001464
#
# JRE version: Java(TM) SE Runtime Environment (8.0_202-b08) (build 1.8.0_202-b08)
# Java VM: Java HotSpot(TM) 64-Bit Server VM (25.202-b08 mixed mode windows-amd64 compressed oops)
# Failed to write core dump. Minidumps are not enabled by default on client versions of Windows
#

---------------  T H R E A D  ---------------

Current thread (0x0000000016dad000):  JavaThread "C2 CompilerThread0" daemon [_thread_in_vm, id=5220, stack(0x0000000018410000,0x0000000018510000)]

Stack: [0x0000000018410000,0x0000000018510000]
[error occurred during error reporting (printing stack bounds), id 0xc0000005]

Native frames: (J=compiled Java code, j=interpreted, Vv=VM code, C=native code)


---------------  P R O C E S S  ---------------

Java Threads: ( => current thread )
  0x0000000016e0b000 JavaThread "Service Thread" daemon [_thread_blocked, id=7280, stack(0x0000000018f10000,0x0000000019010000)]
  0x0000000016dfc000 JavaThread "C1 CompilerThread2" daemon [_thread_blocked, id=9564, stack(0x0000000018610000,0x0000000018710000)]
  0x0000000016df1000 JavaThread "C2 CompilerThread1" daemon [_thread_blocked, id=6440, stack(0x0000000018510000,0x0000000018610000)]
=>0x0000000016dad000 JavaThread "C2 CompilerThread0" daemon [_thread_in_vm, id=5220, stack(0x0000000018410000,0x0000000018510000)]
  0x0000000016dab000 JavaThread "Attach Listener" daemon [_thread_blocked, id=3228, stack(0x0000000018310000,0x0000000018410000)]
  0x0000000016da9800 JavaThread "Signal Dispatcher" daemon [_thread_blocked, id=4584, stack(0x0000000018210000,0x0000000018310000)]
  0x0000000016d9a800 JavaThread "Finalizer" daemon [_thread_blocked, id=8552, stack(0x0000000018030000,0x0000000018130000)]
  0x0000000002210000 JavaThread "Reference Handler" daemon [_thread_blocked, id=11856, stack(0x0000000017f30000,0x0000000018030000)]
  0x000000000211d800 JavaThread "main" [_thread_in_native, id=5492, stack(0x0000000001fd0000,0x00000000020d0000)]

Other Threads:
  0x0000000016d77800 VMThread [stack: 0x0000000017e30000,0x0000000017f30000] [id=12380]

VM state:not at safepoint (normal execution)

VM Mutex/Monitor currently owned by a thread: None

heap address: 0x0000000081600000, size: 2026 MB, Compressed Oops mode: 32-bit
Narrow klass base: 0x0000000000000000, Narrow klass shift: 3
Compressed class space size: 1073741824 Address: 0x0000000100000000

Heap:
 PSYoungGen      total 38400K, used 665K [0x00000000d5d00000, 0x00000000d8780000, 0x0000000100000000)
  eden space 33280K, 2% used [0x00000000d5d00000,0x00000000d5da6670,0x00000000d7d80000)
  from space 5120K, 0% used [0x00000000d8280000,0x00000000d8280000,0x00000000d8780000)
  to   space 5120K, 0% used [0x00000000d7d80000,0x00000000d7d80000,0x00000000d8280000)
 ParOldGen       total 87552K, used 0K [0x0000000081600000, 0x0000000086b80000, 0x00000000d5d00000)
  object space 87552K, 0% used [0x0000000081600000,0x0000000081600000,0x0000000086b80000)
 Metaspace       used 2143K, capacity 4480K, committed 4480K, reserved 1056768K
  class space    used 241K, capacity 384K, committed 384K, reserved 1048576K

Card table byte_map: [0x00000000115e0000,0x00000000119e0000] byte_map_base: 0x00000000111d5000

Marking Bits: (ParMarkBitMap*) 0x00000000640e5ce0
 Begin Bits: [0x0000000012090000, 0x0000000014038000)
 End Bits:   [0x0000000014038000, 0x0000000015fe0000)

Polling page: 0x0000000000540000

CodeCache: size=245760Kb used=1065Kb max_used=1065Kb free=244694Kb
 bounds [0x0000000002220000, 0x0000000002490000, 0x0000000011220000]
 total_blobs=215 nmethods=7 adapters=136
 compilation: enabled

Compilation events (0 events):
No events

GC Heap History (0 events):
No events

Deoptimization events (0 events):
No events

Classes redefined (0 events):
No events

Internal exceptions (2 events):
Event: 0.092 Thread 0x000000000211d800 Exception <a 'java/lang/NoSuchMethodError': Method sun.misc.Unsafe.defineClass(Ljava/lang/String;[BII)Ljava/lang/Class; name or signature does not match> (0x00000000d5d07cb0) thrown at [C:\re\workspace\8-2-build-windows-amd64-cygwin\jdk8u202\12323\hotspot
Event: 0.093 Thread 0x000000000211d800 Exception <a 'java/lang/NoSuchMethodError': Method sun.misc.Unsafe.prefetchRead(Ljava/lang/Object;J)V name or signature does not match> (0x00000000d5d07f98) thrown at [C:\re\workspace\8-2-build-windows-amd64-cygwin\jdk8u202\12323\hotspot\src\share\vm\prim

Events (10 events):
Event: 0.184 loading class sun/misc/URLClassPath done
Event: 0.185 loading class sun/net/www/protocol/jar/Handler
Event: 0.185 loading class sun/net/www/protocol/jar/Handler done
Event: 0.186 loading class sun/misc/Launcher$AppClassLoader$1
Event: 0.186 loading class sun/misc/Launcher$AppClassLoader$1 done
Event: 0.187 loading class java/lang/SystemClassLoaderAction
Event: 0.187 loading class java/lang/SystemClassLoaderAction done
Event: 0.187 Thread 0x0000000016da9800 Thread added: 0x0000000016da9800
Event: 0.187 Thread 0x0000000016dab000 Thread added: 0x0000000016dab000
Event: 0.187 Thread 0x0000000016dad000 Thread added: 0x0000000016dad000


Dynamic libraries:
0x00007ff783660000 - 0x00007ff783697000 	C:\Program Files\Java\jre1.8.0_202\bin\javaw.exe
0x00007ffdb4d50000 - 0x00007ffdb4f11000 	C:\Windows\SYSTEM32\ntdll.dll
0x00007ffdb3be0000 - 0x00007ffdb3c8d000 	C:\Windows\system32\KERNEL32.DLL
0x00007ffdb18e0000 - 0x00007ffdb1abd000 	C:\Windows\system32\KERNELBASE.dll
0x00007ffdb40f0000 - 0x00007ffdb4196000 	C:\Windows\system32\ADVAPI32.dll
0x00007ffdb4050000 - 0x00007ffdb40ed000 	C:\Windows\system32\msvcrt.dll
0x00007ffdb4a00000 - 0x00007ffdb4a5b000 	C:\Windows\system32\sechost.dll
0x00007ffdb4650000 - 0x00007ffdb4776000 	C:\Windows\system32\RPCRT4.dll
0x00007ffdb24d0000 - 0x00007ffdb261e000 	C:\Windows\system32\USER32.dll
0x00007ffdb4a70000 - 0x00007ffdb4bf6000 	C:\Windows\system32\GDI32.dll
0x00007ffda4740000 - 0x00007ffda49b4000 	C:\Windows\WinSxS\amd64_microsoft.windows.common-controls_6595b64144ccf1df_6.0.10240.16384_none_f41f7b285750ef43\COMCTL32.dll
0x00007ffdb2420000 - 0x00007ffdb2456000 	C:\Windows\system32\IMM32.DLL
0x00007ffdb4200000 - 0x00007ffdb435c000 	C:\Windows\system32\MSCTF.dll
0x00000000637e0000 - 0x00000000638b2000 	C:\Program Files\Java\jre1.8.0_202\bin\msvcr100.dll
0x00000000638c0000 - 0x0000000064165000 	C:\Program Files\Java\jre1.8.0_202\bin\server\jvm.dll
0x00007ffdb24c0000 - 0x00007ffdb24c8000 	C:\Windows\system32\PSAPI.DLL
0x00007ffdafef0000 - 0x00007ffdafef9000 	C:\Windows\SYSTEM32\WSOCK32.dll
0x00007ffdb3fe0000 - 0x00007ffdb4049000 	C:\Windows\system32\WS2_32.dll
0x00007ffdb4a60000 - 0x00007ffdb4a68000 	C:\Windows\system32\NSI.dll
0x00007ffda88e0000 - 0x00007ffda8903000 	C:\Windows\SYSTEM32\WINMM.dll
0x00007ffda7d20000 - 0x00007ffda7d2a000 	C:\Windows\SYSTEM32\VERSION.dll
0x00007ffda73d0000 - 0x00007ffda73fc000 	C:\Windows\SYSTEM32\WINMMBASE.dll
0x00007ffdb1d40000 - 0x00007ffdb1d84000 	C:\Windows\system32\cfgmgr32.dll
0x00007ffdb0110000 - 0x00007ffdb0137000 	C:\Windows\SYSTEM32\DEVOBJ.dll
0x00007ffdaee40000 - 0x00007ffdaee4f000 	C:\Program Files\Java\jre1.8.0_202\bin\verify.dll
0x00007ffdab3f0000 - 0x00007ffdab419000 	C:\Program Files\Java\jre1.8.0_202\bin\java.dll
0x00007ffdaecc0000 - 0x00007ffdaecd6000 	C:\Program Files\Java\jre1.8.0_202\bin\zip.dll
0x00007ffdb2620000 - 0x00007ffdb3b42000 	C:\Windows\system32\SHELL32.dll
0x00007ffdb1d90000 - 0x00007ffdb23b9000 	C:\Windows\system32\windows.storage.dll
0x00007ffdb4780000 - 0x00007ffdb49fc000 	C:\Windows\system32\combase.dll
0x00007ffdb3b80000 - 0x00007ffdb3bd1000 	C:\Windows\system32\shlwapi.dll
0x00007ffdb17c0000 - 0x00007ffdb17cf000 	C:\Windows\system32\kernel.appcore.dll
0x00007ffdb1820000 - 0x00007ffdb18d3000 	C:\Windows\system32\shcore.dll
0x00007ffdb17d0000 - 0x00007ffdb181a000 	C:\Windows\system32\powrprof.dll
0x00007ffdb1780000 - 0x00007ffdb1793000 	C:\Windows\system32\profapi.dll

VM Arguments:
jvm_args: -Dfile.encoding=Cp1252 
java_command: hi.Construction
java_class_path (initial): C:\Users\User\eclipse-workspace\hi\bin
Launcher Type: SUN_STANDARD

Environment Variables:
PATH=C:/Program Files/Java/jre1.8.0_202/bin/server;C:/Program Files/Java/jre1.8.0_202/bin;C:/Program Files/Java/jre1.8.0_202/lib/amd64;C:\Program Files (x86)\Common Files\Oracle\Java\javapath;C:\Windows\system32;C:\Windows;C:\Windows\System32\Wbem;C:\Windows\System32\WindowsPowerShell\v1.0\;C:\Users\User\Desktop;
USERNAME=User
OS=Windows_NT
PROCESSOR_IDENTIFIER=Intel64 Family 6 Model 142 Stepping 9, GenuineIntel



---------------  S Y S T E M  ---------------

OS: Windows 10.0 , 64 bit Build 10240 (10.0.10240.16384)

CPU:total 4 (initial active 4) (2 cores per cpu, 2 threads per core) family 6 model 142 stepping 9, cmov, cx8, fxsr, mmx, sse, sse2, sse3, ssse3, sse4.1, sse4.2, popcnt, avx, avx2, aes, clmul, erms, 3dnowpref, lzcnt, ht, tsc, tscinvbit, bmi1, bmi2, adx

Memory: 4k page, physical 8297524k(4908956k free), swap 22808752k(344696k free)

vm_info: Java HotSpot(TM) 64-Bit Server VM (25.202-b08) for windows-amd64 JRE (1.8.0_202-b08), built on Dec 15 2018 19:54:30 by "java_re" with MS VC++ 10.0 (VS2010)

time: Tue Feb 25 05:15:13 2020
timezone: Pacific Standard Time
elapsed time: 0 seconds (0d 0h 0m 0s)

